@!@!@STARTMSG 2262:0 @!@!@
TLC2 Version 2.18 of Day Month 20?? (rev: 290c673)
@!@!@ENDMSG 2262 @!@!@
@!@!@STARTMSG 2187:0 @!@!@
Running breadth-first search Model-Checking with fp 58 and seed -7482860274923686549 with 6 workers on 6 cores with 2414MB heap and 5427MB offheap memory [pid: 19092] (Windows 10 10.0 amd64, AdoptOpenJDK 14.0.1 x86_64, OffHeapDiskFPSet, DiskStateQueue).
@!@!@ENDMSG 2187 @!@!@
@!@!@STARTMSG 2220:0 @!@!@
Starting SANY...
@!@!@ENDMSG 2220 @!@!@
Parsing file C:\Users\samue\OneDrive\assembly\ringbuffer-tla\ringbuffer_1.toolbox\ringbuffer\MC.tla
Parsing file C:\Users\samue\OneDrive\assembly\ringbuffer-tla\ringbuffer_1.toolbox\ringbuffer\ringbuffer.tla
Parsing file C:\Users\samue\Downloads\TLAToolbox-1.8.0-win32.win32.x86_64\toolbox\plugins\org.lamport.tlatools_1.0.0.202305012005\tla2sany\StandardModules\TLC.tla
Parsing file C:\Users\samue\Downloads\TLAToolbox-1.8.0-win32.win32.x86_64\toolbox\plugins\org.lamport.tlatools_1.0.0.202305012005\tla2sany\StandardModules\Integers.tla
Parsing file C:\Users\samue\Downloads\TLAToolbox-1.8.0-win32.win32.x86_64\toolbox\plugins\org.lamport.tlatools_1.0.0.202305012005\tla2sany\StandardModules\Sequences.tla
Parsing file C:\Users\samue\Downloads\TLAToolbox-1.8.0-win32.win32.x86_64\toolbox\plugins\org.lamport.tlatools_1.0.0.202305012005\tla2sany\StandardModules\Naturals.tla
Parsing file C:\Users\samue\Downloads\TLAToolbox-1.8.0-win32.win32.x86_64\toolbox\plugins\org.lamport.tlatools_1.0.0.202305012005\tla2sany\StandardModules\FiniteSets.tla
Semantic processing of module Naturals
Semantic processing of module Integers
Semantic processing of module Sequences
Semantic processing of module FiniteSets
Semantic processing of module TLC
Semantic processing of module ringbuffer
Semantic processing of module MC
@!@!@STARTMSG 2219:0 @!@!@
SANY finished.
@!@!@ENDMSG 2219 @!@!@
@!@!@STARTMSG 2185:0 @!@!@
Starting... (2023-12-13 15:26:10)
@!@!@ENDMSG 2185 @!@!@
@!@!@STARTMSG 2189:0 @!@!@
Computing initial states...
@!@!@ENDMSG 2189 @!@!@
@!@!@STARTMSG 2190:0 @!@!@
Finished computing initial states: 1 distinct state generated at 2023-12-13 15:26:12.
@!@!@ENDMSG 2190 @!@!@
@!@!@STARTMSG 2193:0 @!@!@
Model checking completed. No error has been found.
  Estimates of the probability that TLC did not check all reachable states
  because two distinct states had the same fingerprint:
  calculated (optimistic):  val = 3.3E-19
@!@!@ENDMSG 2193 @!@!@
@!@!@STARTMSG 2201:0 @!@!@
The coverage statistics at 2023-12-13 15:26:12
@!@!@ENDMSG 2201 @!@!@
@!@!@STARTMSG 2773:0 @!@!@
<Init line 115, col 1 to line 115, col 4 of module ringbuffer>: 1:1
@!@!@ENDMSG 2773 @!@!@
@!@!@STARTMSG 2775:0 @!@!@
  line 118, col 18 to line 125, col 7 of module ringbuffer: 1:3
@!@!@ENDMSG 2775 @!@!@
@!@!@STARTMSG 2221:0 @!@!@
  |line 119, col 20 to line 119, col 30 of module ringbuffer: 1
@!@!@ENDMSG 2221 @!@!@
@!@!@STARTMSG 2221:0 @!@!@
  line 126, col 7 to line 126, col 17 of module ringbuffer: 1
@!@!@ENDMSG 2221 @!@!@
@!@!@STARTMSG 2221:0 @!@!@
  line 127, col 7 to line 127, col 100 of module ringbuffer: 1
@!@!@ENDMSG 2221 @!@!@
@!@!@STARTMSG 2775:0 @!@!@
  |line 127, col 12 to line 127, col 100 of module ringbuffer: 1:3
@!@!@ENDMSG 2775 @!@!@
@!@!@STARTMSG 2221:0 @!@!@
  ||line 127, col 22 to line 127, col 28 of module ringbuffer: 1
@!@!@ENDMSG 2221 @!@!@
@!@!@STARTMSG 2772:0 @!@!@
<Thread line 213, col 1 to line 213, col 12 of module ringbuffer>: 1:4
@!@!@ENDMSG 2772 @!@!@
@!@!@STARTMSG 2221:0 @!@!@
  line 167, col 19 to line 167, col 47 of module ringbuffer: 6
@!@!@ENDMSG 2221 @!@!@
@!@!@STARTMSG 2221:0 @!@!@
  line 168, col 31 to line 168, col 41 of module ringbuffer: 2
@!@!@ENDMSG 2221 @!@!@
@!@!@STARTMSG 2221:0 @!@!@
  line 169, col 36 to line 171, col 36 of module ringbuffer: 2
@!@!@ENDMSG 2221 @!@!@
@!@!@STARTMSG 2221:0 @!@!@
  line 176, col 36 to line 176, col 43 of module ringbuffer: 0
@!@!@ENDMSG 2221 @!@!@
@!@!@STARTMSG 2221:0 @!@!@
  line 177, col 36 to line 177, col 60 of module ringbuffer: 0
@!@!@ENDMSG 2221 @!@!@
@!@!@STARTMSG 2221:0 @!@!@
  line 178, col 36 to line 178, col 51 of module ringbuffer: 0
@!@!@ENDMSG 2221 @!@!@
@!@!@STARTMSG 2221:0 @!@!@
  line 180, col 32 to line 180, col 49 of module ringbuffer: 0
@!@!@ENDMSG 2221 @!@!@
@!@!@STARTMSG 2221:0 @!@!@
  line 181, col 32 to line 181, col 43 of module ringbuffer: 0
@!@!@ENDMSG 2221 @!@!@
@!@!@STARTMSG 2221:0 @!@!@
  line 182, col 32 to line 182, col 39 of module ringbuffer: 0
@!@!@ENDMSG 2221 @!@!@
@!@!@STARTMSG 2221:0 @!@!@
  line 183, col 32 to line 183, col 61 of module ringbuffer: 0
@!@!@ENDMSG 2221 @!@!@
@!@!@STARTMSG 2221:0 @!@!@
  line 184, col 32 to line 184, col 43 of module ringbuffer: 0
@!@!@ENDMSG 2221 @!@!@
@!@!@STARTMSG 2221:0 @!@!@
  line 185, col 27 to line 185, col 55 of module ringbuffer: 4
@!@!@ENDMSG 2221 @!@!@
@!@!@STARTMSG 2221:0 @!@!@
  line 186, col 32 to line 186, col 43 of module ringbuffer: 4
@!@!@ENDMSG 2221 @!@!@
@!@!@STARTMSG 2221:0 @!@!@
  line 195, col 36 to line 195, col 43 of module ringbuffer: 0
@!@!@ENDMSG 2221 @!@!@
@!@!@STARTMSG 2221:0 @!@!@
  line 196, col 36 to line 196, col 51 of module ringbuffer: 0
@!@!@ENDMSG 2221 @!@!@
@!@!@STARTMSG 2221:0 @!@!@
  line 198, col 29 to line 202, col 43 of module ringbuffer: 4
@!@!@ENDMSG 2221 @!@!@
@!@!@STARTMSG 2221:0 @!@!@
  line 204, col 32 to line 204, col 49 of module ringbuffer: 0
@!@!@ENDMSG 2221 @!@!@
@!@!@STARTMSG 2221:0 @!@!@
  line 205, col 32 to line 205, col 43 of module ringbuffer: 0
@!@!@ENDMSG 2221 @!@!@
@!@!@STARTMSG 2221:0 @!@!@
  line 206, col 32 to line 206, col 39 of module ringbuffer: 0
@!@!@ENDMSG 2221 @!@!@
@!@!@STARTMSG 2221:0 @!@!@
  line 207, col 32 to line 207, col 59 of module ringbuffer: 0
@!@!@ENDMSG 2221 @!@!@
@!@!@STARTMSG 2221:0 @!@!@
  line 208, col 32 to line 208, col 43 of module ringbuffer: 0
@!@!@ENDMSG 2221 @!@!@
@!@!@STARTMSG 2221:0 @!@!@
  line 213, col 26 to line 213, col 29 of module ringbuffer: 6
@!@!@ENDMSG 2221 @!@!@
@!@!@STARTMSG 2202:0 @!@!@
End of statistics.
@!@!@ENDMSG 2202 @!@!@
@!@!@STARTMSG 2200:0 @!@!@
Progress(2) at 2023-12-13 15:26:12: 5 states generated (83 s/min), 2 distinct states found (33 ds/min), 0 states left on queue.
@!@!@ENDMSG 2200 @!@!@
@!@!@STARTMSG 2199:0 @!@!@
5 states generated, 2 distinct states found, 0 states left on queue.
@!@!@ENDMSG 2199 @!@!@
@!@!@STARTMSG 2194:0 @!@!@
The depth of the complete state graph search is 2.
@!@!@ENDMSG 2194 @!@!@
@!@!@STARTMSG 2268:0 @!@!@
The average outdegree of the complete state graph is 1 (minimum is 0, the maximum 1 and the 95th percentile is 1).
@!@!@ENDMSG 2268 @!@!@
@!@!@STARTMSG 2186:0 @!@!@
Finished in 3639ms at (2023-12-13 15:26:12)
@!@!@ENDMSG 2186 @!@!@
