@!@!@STARTMSG 2262:0 @!@!@
TLC2 Version 2.18 of Day Month 20?? (rev: 290c673)
@!@!@ENDMSG 2262 @!@!@
@!@!@STARTMSG 2187:0 @!@!@
Running breadth-first search Model-Checking with fp 22 and seed -2648229409155487777 with 6 workers on 6 cores with 2414MB heap and 5427MB offheap memory [pid: 18880] (Windows 10 10.0 amd64, AdoptOpenJDK 14.0.1 x86_64, OffHeapDiskFPSet, DiskStateQueue).
@!@!@ENDMSG 2187 @!@!@
@!@!@STARTMSG 2220:0 @!@!@
Starting SANY...
@!@!@ENDMSG 2220 @!@!@
Parsing file C:\Users\samue\OneDrive\assembly\ringbuffer-tla\ringbuffer_1.toolbox\ringbuffer\MC.tla
Parsing file C:\Users\samue\OneDrive\assembly\ringbuffer-tla\ringbuffer_1.toolbox\ringbuffer\ringbuffer.tla
Parsing file C:\Users\samue\Downloads\TLAToolbox-1.8.0-win32.win32.x86_64\toolbox\plugins\org.lamport.tlatools_1.0.0.202305012005\tla2sany\StandardModules\TLC.tla
Parsing file C:\Users\samue\Downloads\TLAToolbox-1.8.0-win32.win32.x86_64\toolbox\plugins\org.lamport.tlatools_1.0.0.202305012005\tla2sany\StandardModules\Integers.tla
Parsing file C:\Users\samue\Downloads\TLAToolbox-1.8.0-win32.win32.x86_64\toolbox\plugins\org.lamport.tlatools_1.0.0.202305012005\tla2sany\StandardModules\Sequences.tla
Parsing file C:\Users\samue\Downloads\TLAToolbox-1.8.0-win32.win32.x86_64\toolbox\plugins\org.lamport.tlatools_1.0.0.202305012005\tla2sany\StandardModules\Naturals.tla
Parsing file C:\Users\samue\Downloads\TLAToolbox-1.8.0-win32.win32.x86_64\toolbox\plugins\org.lamport.tlatools_1.0.0.202305012005\tla2sany\StandardModules\FiniteSets.tla
Semantic processing of module Naturals
Semantic processing of module Integers
Semantic processing of module Sequences
Semantic processing of module FiniteSets
Semantic processing of module TLC
Semantic processing of module ringbuffer
Semantic processing of module MC
@!@!@STARTMSG 2219:0 @!@!@
SANY finished.
@!@!@ENDMSG 2219 @!@!@
@!@!@STARTMSG 2185:0 @!@!@
Starting... (2023-12-13 15:25:23)
@!@!@ENDMSG 2185 @!@!@
@!@!@STARTMSG 2189:0 @!@!@
Computing initial states...
@!@!@ENDMSG 2189 @!@!@
@!@!@STARTMSG 2190:0 @!@!@
Finished computing initial states: 1 distinct state generated at 2023-12-13 15:25:25.
@!@!@ENDMSG 2190 @!@!@
@!@!@STARTMSG 2200:0 @!@!@
Progress(48267) at 2023-12-13 15:25:28: 96,533 states generated (96,533 s/min), 48,264 distinct states found (48,264 ds/min), 0 states left on queue.
@!@!@ENDMSG 2200 @!@!@
